{"message":"Route found for /_default/ : controllers\\IndexController/index","context":{"context":"Router","part":"getRouteUrlParts","extra":null},"level":200,"level_name":"INFO","channel":"s5e8f211c2ba4c","datetime":"2020-04-09T15:21:28.662687+02:00","extra":{}}
{"message":"No route found for /Admin/","context":{"context":"Router","part":"getRoute","extra":null},"level":300,"level_name":"WARNING","channel":"s5e8f211c2ba4c","datetime":"2020-04-09T15:22:06.267775+02:00","extra":{}}
{"message":"No route found for /Admin/Controllers/","context":{"context":"Router","part":"getRoute","extra":null},"level":300,"level_name":"WARNING","channel":"s5e8f211c2ba4c","datetime":"2020-04-09T15:23:32.595243+02:00","extra":{}}
{"message":"No route found for /Admin/createController/","context":{"context":"Router","part":"getRoute","extra":null},"level":300,"level_name":"WARNING","channel":"s5e8f211c2ba4c","datetime":"2020-04-09T15:25:23.527611+02:00","extra":{}}
{"message":"No route found for /Admin/_runAction/","context":{"context":"Router","part":"getRoute","extra":null},"level":300,"level_name":"WARNING","channel":"s5e8f211c2ba4c","datetime":"2020-04-09T15:25:41.500560+02:00","extra":{}}
{"message":"No route found for /MainController/index/","context":{"context":"Router","part":"getRoute","extra":null},"level":300,"level_name":"WARNING","channel":"s5e8f211c2ba4c","datetime":"2020-04-09T15:25:41.599694+02:00","extra":{}}
{"message":"No route found for /Admin/_runAction/","context":{"context":"Router","part":"getRoute","extra":null},"level":300,"level_name":"WARNING","channel":"s5e8f211c2ba4c","datetime":"2020-04-09T15:29:40.344616+02:00","extra":{}}
{"message":"No route found for /MainController/index/","context":{"context":"Router","part":"getRoute","extra":null},"level":300,"level_name":"WARNING","channel":"s5e8f211c2ba4c","datetime":"2020-04-09T15:29:40.444568+02:00","extra":{}}
{"message":"No route found for /Admin/_runAction/","context":{"context":"Router","part":"getRoute","extra":null},"level":300,"level_name":"WARNING","channel":"s5e8f211c2ba4c","datetime":"2020-04-09T15:29:51.108409+02:00","extra":{}}
{"message":"No route found for /MainController/index/","context":{"context":"Router","part":"getRoute","extra":null},"level":300,"level_name":"WARNING","channel":"s5e8f211c2ba4c","datetime":"2020-04-09T15:29:51.199695+02:00","extra":{}}
{"message":"No route found for /Admin/_runAction/","context":{"context":"Router","part":"getRoute","extra":null},"level":300,"level_name":"WARNING","channel":"s5e8f211c2ba4c","datetime":"2020-04-09T15:32:08.448407+02:00","extra":{}}
{"message":"No route found for /MainController/index/","context":{"context":"Router","part":"getRoute","extra":null},"level":300,"level_name":"WARNING","channel":"s5e8f211c2ba4c","datetime":"2020-04-09T15:32:08.544115+02:00","extra":{}}
{"message":"No route found for /Admin/_createView/","context":{"context":"Router","part":"getRoute","extra":null},"level":300,"level_name":"WARNING","channel":"s5e8f211c2ba4c","datetime":"2020-04-09T15:32:18.774440+02:00","extra":{}}
{"message":"No route found for /Admin/Controllers/","context":{"context":"Router","part":"getRoute","extra":null},"level":300,"level_name":"WARNING","channel":"s5e8f211c2ba4c","datetime":"2020-04-09T15:39:57.442865+02:00","extra":{}}
{"message":"No route found for /_default/","context":{"context":"Router","part":"getRoute","extra":null},"level":300,"level_name":"WARNING","channel":"s5e8f211c2ba4c","datetime":"2020-04-09T15:40:00.668056+02:00","extra":{}}
{"message":"The controller `controllers\\_default` doesn't exists! <br/>","context":{"context":"Startup","part":"runAction","extra":null},"level":300,"level_name":"WARNING","channel":"s5e8f211c2ba4c","datetime":"2020-04-09T15:40:00.668339+02:00","extra":{}}
{"message":"No route found for /Admin/_newActionFrm/","context":{"context":"Router","part":"getRoute","extra":null},"level":300,"level_name":"WARNING","channel":"s5e8f211c2ba4c","datetime":"2020-04-09T15:47:37.859955+02:00","extra":{}}
{"message":"No route found for /Admin/_newActionFrm/","context":{"context":"Router","part":"getRoute","extra":null},"level":300,"level_name":"WARNING","channel":"s5e8f211c2ba4c","datetime":"2020-04-09T15:47:41.174938+02:00","extra":{}}
{"message":"No route found for /Admin/_checkContent/","context":{"context":"Router","part":"getRoute","extra":null},"level":300,"level_name":"WARNING","channel":"s5e8f211c2ba4c","datetime":"2020-04-09T15:47:49.106323+02:00","extra":{}}
{"message":"No route found for /Admin/_checkContent/","context":{"context":"Router","part":"getRoute","extra":null},"level":300,"level_name":"WARNING","channel":"s5e8f211c2ba4c","datetime":"2020-04-09T15:47:51.747936+02:00","extra":{}}
{"message":"No route found for /Admin/_methodExists/","context":{"context":"Router","part":"getRoute","extra":null},"level":300,"level_name":"WARNING","channel":"s5e8f211c2ba4c","datetime":"2020-04-09T15:47:52.393567+02:00","extra":{}}
{"message":"No route found for /Admin/_methodExists/","context":{"context":"Router","part":"getRoute","extra":null},"level":300,"level_name":"WARNING","channel":"s5e8f211c2ba4c","datetime":"2020-04-09T15:48:12.060736+02:00","extra":{}}
{"message":"No route found for /Admin/_methodExists/","context":{"context":"Router","part":"getRoute","extra":null},"level":300,"level_name":"WARNING","channel":"s5e8f211c2ba4c","datetime":"2020-04-09T15:48:21.087843+02:00","extra":{}}
{"message":"No route found for /Admin/_methodExists/","context":{"context":"Router","part":"getRoute","extra":null},"level":300,"level_name":"WARNING","channel":"s5e8f211c2ba4c","datetime":"2020-04-09T15:48:25.718983+02:00","extra":{}}
{"message":"No route found for /Admin/_methodExists/","context":{"context":"Router","part":"getRoute","extra":null},"level":300,"level_name":"WARNING","channel":"s5e8f211c2ba4c","datetime":"2020-04-09T15:48:38.372263+02:00","extra":{}}
{"message":"No route found for /Admin/_addRouteWithNewAction/","context":{"context":"Router","part":"getRoute","extra":null},"level":300,"level_name":"WARNING","channel":"s5e8f211c2ba4c","datetime":"2020-04-09T15:49:50.032960+02:00","extra":{}}
{"message":"No route found for /Admin/_checkRoute/","context":{"context":"Router","part":"getRoute","extra":null},"level":300,"level_name":"WARNING","channel":"s5e8f211c2ba4c","datetime":"2020-04-09T15:56:03.657034+02:00","extra":{}}
{"message":"No route found for /Admin/_checkRoute/","context":{"context":"Router","part":"getRoute","extra":null},"level":300,"level_name":"WARNING","channel":"s5e8f211c2ba4c","datetime":"2020-04-09T15:56:13.363458+02:00","extra":{}}
{"message":"No route found for /Admin/_checkContent/","context":{"context":"Router","part":"getRoute","extra":null},"level":300,"level_name":"WARNING","channel":"s5e8f211c2ba4c","datetime":"2020-04-09T15:56:30.908654+02:00","extra":{}}
{"message":"No route found for /Admin/_methodExists/","context":{"context":"Router","part":"getRoute","extra":null},"level":300,"level_name":"WARNING","channel":"s5e8f211c2ba4c","datetime":"2020-04-09T15:56:31.098682+02:00","extra":{}}
{"message":"No route found for /Admin/_checkRoute/","context":{"context":"Router","part":"getRoute","extra":null},"level":300,"level_name":"WARNING","channel":"s5e8f211c2ba4c","datetime":"2020-04-09T15:56:31.222762+02:00","extra":{}}
{"message":"No route found for /Admin/_newAction/","context":{"context":"Router","part":"getRoute","extra":null},"level":300,"level_name":"WARNING","channel":"s5e8f211c2ba4c","datetime":"2020-04-09T15:56:31.320797+02:00","extra":{}}
{"message":"No route found for /Admin/_refreshControllers/refresh/","context":{"context":"Router","part":"getRoute","extra":null},"level":300,"level_name":"WARNING","channel":"s5e8f211c2ba4c","datetime":"2020-04-09T15:56:31.589970+02:00","extra":{}}
{"message":"No route found for /Admin/_runAction/","context":{"context":"Router","part":"getRoute","extra":null},"level":300,"level_name":"WARNING","channel":"s5e8f211c2ba4c","datetime":"2020-04-09T15:56:36.734740+02:00","extra":{}}
{"message":"No route found for /Admin/_runAction/frmGetParams/","context":{"context":"Router","part":"getRoute","extra":null},"level":300,"level_name":"WARNING","channel":"s5e8f211c2ba4c","datetime":"2020-04-09T15:56:43.117102+02:00","extra":{}}
{"message":"No route found for /MainController/sendMessage/test/","context":{"context":"Router","part":"getRoute","extra":null},"level":300,"level_name":"WARNING","channel":"s5e8f211c2ba4c","datetime":"2020-04-09T15:56:43.216030+02:00","extra":{}}
